2025-03-02 15:39:02,027 - asyncio - DEBUG - Using selector: KqueueSelector
2025-03-02 15:49:09,889 - asyncio - DEBUG - Using selector: KqueueSelector
2025-03-02 15:49:49,025 - asyncio - DEBUG - Using selector: KqueueSelector
2025-03-02 15:51:21,803 - asyncio - DEBUG - Using selector: KqueueSelector
2025-03-02 15:51:44,622 - asyncio - DEBUG - Using selector: KqueueSelector
2025-03-02 16:03:40,563 - llama_explorer.ui - INFO - Starting analysis of requests
2025-03-02 16:03:40,563 - llama_explorer.ui - INFO - Starting analysis of requests
2025-03-02 16:03:40,564 - llama_explorer.ui - INFO - Fetching package information for requests...
2025-03-02 16:03:40,564 - llama_explorer.ui - INFO - Fetching package information for requests...
2025-03-02 16:03:40,741 - llama_explorer.ui - ERROR - Error fetching package information: 200, message='Attempt to decode JSON with unexpected mimetype: text/html; charset=utf-8', url='https://pypi.org/project/requests/json'
2025-03-02 16:03:40,741 - llama_explorer.ui - ERROR - Error fetching package information: 200, message='Attempt to decode JSON with unexpected mimetype: text/html; charset=utf-8', url='https://pypi.org/project/requests/json'
2025-03-02 16:03:40,741 - llama_explorer.ui - ERROR - Failed to fetch package information for requests
2025-03-02 16:03:40,741 - llama_explorer.ui - ERROR - Failed to fetch package information for requests
2025-03-02 16:03:40,742 - llama_explorer.ui - INFO - Cleaned up temporary directory: /var/folders/w7/9sg2sr3s59nbx2mwv_0mv4_m0000gn/T/llama_explorer_stumxw8i
2025-03-02 16:03:40,742 - llama_explorer.ui - INFO - Cleaned up temporary directory: /var/folders/w7/9sg2sr3s59nbx2mwv_0mv4_m0000gn/T/llama_explorer_stumxw8i
2025-03-02 16:03:40,743 - llama_explorer.jobs - INFO - Job 311f50c2-11b0-45a8-9231-d3008cd79d5e (package_analysis) updated: failed
2025-03-02 16:03:40,743 - llama_explorer.jobs - INFO - Job 311f50c2-11b0-45a8-9231-d3008cd79d5e (package_analysis) updated: failed
2025-03-02 16:06:53,677 - asyncio - DEBUG - Using selector: KqueueSelector
2025-03-02 16:07:05,893 - llama_explorer.ui - INFO - Starting analysis of requests
2025-03-02 16:07:05,893 - llama_explorer.ui - INFO - Starting analysis of requests
2025-03-02 16:07:05,893 - llama_explorer.ui - INFO - Fetching package information for requests...
2025-03-02 16:07:05,893 - llama_explorer.ui - INFO - Fetching package information for requests...
2025-03-02 16:07:06,089 - llama_explorer.ui - ERROR - Error fetching package information: 200, message='Attempt to decode JSON with unexpected mimetype: text/html; charset=utf-8', url='https://pypi.org/project/requests/json'
2025-03-02 16:07:06,089 - llama_explorer.ui - ERROR - Error fetching package information: 200, message='Attempt to decode JSON with unexpected mimetype: text/html; charset=utf-8', url='https://pypi.org/project/requests/json'
2025-03-02 16:07:06,089 - llama_explorer.ui - ERROR - Failed to fetch package information for requests
2025-03-02 16:07:06,089 - llama_explorer.ui - ERROR - Failed to fetch package information for requests
2025-03-02 16:07:06,090 - llama_explorer.ui - INFO - Cleaned up temporary directory: /var/folders/w7/9sg2sr3s59nbx2mwv_0mv4_m0000gn/T/llama_explorer_as9yvpnr
2025-03-02 16:07:06,090 - llama_explorer.ui - INFO - Cleaned up temporary directory: /var/folders/w7/9sg2sr3s59nbx2mwv_0mv4_m0000gn/T/llama_explorer_as9yvpnr
2025-03-02 16:07:06,090 - llama_explorer.jobs - INFO - Job 31c19822-2b81-421c-88ef-1cf770775141 (package_analysis) updated: failed
2025-03-02 16:07:06,090 - llama_explorer.jobs - INFO - Job 31c19822-2b81-421c-88ef-1cf770775141 (package_analysis) updated: failed
2025-03-02 16:08:59,511 - asyncio - DEBUG - Using selector: KqueueSelector
2025-03-02 16:15:11,504 - asyncio - DEBUG - Using selector: KqueueSelector
2025-03-02 16:15:36,542 - llama_explorer.ui - INFO - Started GitHub analysis for [bold]Couchfriends/Space-Shooter[/bold] (Job ID: 720bed02-fc4e-430a-9bf7-e0a2f75d58e6)
2025-03-02 16:15:36,542 - llama_explorer.ui - INFO - Started GitHub analysis for [bold]Couchfriends/Space-Shooter[/bold] (Job ID: 720bed02-fc4e-430a-9bf7-e0a2f75d58e6)
2025-03-02 19:06:11,848 - asyncio - DEBUG - Using selector: KqueueSelector
2025-03-02 19:06:16,937 - urllib3.connectionpool - DEBUG - Starting new HTTPS connection (1): api.github.com:443
2025-03-02 19:06:16,937 - urllib3.connectionpool - DEBUG - Starting new HTTPS connection (1): api.github.com:443
2025-03-02 19:06:17,225 - urllib3.connectionpool - DEBUG - https://api.github.com:443 "GET /repos/pandas-dev/pandas HTTP/1.1" 200 1657
2025-03-02 19:06:17,225 - urllib3.connectionpool - DEBUG - https://api.github.com:443 "GET /repos/pandas-dev/pandas HTTP/1.1" 200 1657
2025-03-02 19:06:17,236 - git.util - DEBUG - Failed checking if running in CYGWIN due to: FileNotFoundError(2, 'No such file or directory')
2025-03-02 19:06:17,236 - git.util - DEBUG - Failed checking if running in CYGWIN due to: FileNotFoundError(2, 'No such file or directory')
2025-03-02 19:06:17,237 - git.cmd - DEBUG - Popen(['git', 'clone', '-v', '--', 'https://github.com/pandas-dev/pandas.git', '/var/folders/w7/9sg2sr3s59nbx2mwv_0mv4_m0000gn/T/github_explorer_52yp_z93/pandas'], cwd=/Users/nemesis/llamajsons, stdin=None, shell=False, universal_newlines=True)
2025-03-02 19:06:17,237 - git.cmd - DEBUG - Popen(['git', 'clone', '-v', '--', 'https://github.com/pandas-dev/pandas.git', '/var/folders/w7/9sg2sr3s59nbx2mwv_0mv4_m0000gn/T/github_explorer_52yp_z93/pandas'], cwd=/Users/nemesis/llamajsons, stdin=None, shell=False, universal_newlines=True)
2025-03-02 19:07:25,133 - asyncio - DEBUG - Using selector: KqueueSelector
2025-03-02 19:09:47,350 - git.repo.base - DEBUG - Cmd(['git', 'clone', '-v', '--', 'https://github.com/pandas-dev/pandas.git', '/var/folders/w7/9sg2sr3s59nbx2mwv_0mv4_m0000gn/T/github_explorer_52yp_z93/pandas'])'s unused stdout: 
2025-03-02 19:09:47,350 - git.repo.base - DEBUG - Cmd(['git', 'clone', '-v', '--', 'https://github.com/pandas-dev/pandas.git', '/var/folders/w7/9sg2sr3s59nbx2mwv_0mv4_m0000gn/T/github_explorer_52yp_z93/pandas'])'s unused stdout: 
2025-03-02 19:09:47,544 - llama_explorer.jobs - INFO - Job eb5c8f4e-8dbc-4966-ab7e-83d2b90ae138 (github_analysis) updated: failed
2025-03-02 19:09:47,544 - llama_explorer.jobs - INFO - Job eb5c8f4e-8dbc-4966-ab7e-83d2b90ae138 (github_analysis) updated: failed
2025-03-02 19:11:24,564 - llama_explorer.ui - ERROR - Error fetching repository information: GitHubExplorer._parse_github_url() takes 1 positional argument but 2 were given
2025-03-02 19:11:24,564 - llama_explorer.ui - ERROR - Error fetching repository information: GitHubExplorer._parse_github_url() takes 1 positional argument but 2 were given
2025-03-02 19:11:24,566 - llama_explorer.jobs - INFO - Job 3a7d0f27-a9d9-4bdf-a9e8-a5cdc4e88812 (github_analysis) updated: failed
2025-03-02 19:11:24,566 - llama_explorer.jobs - INFO - Job 3a7d0f27-a9d9-4bdf-a9e8-a5cdc4e88812 (github_analysis) updated: failed
2025-03-02 19:39:54,332 - asyncio - DEBUG - Using selector: KqueueSelector
2025-03-03 07:43:08,260 - asyncio - DEBUG - Using selector: KqueueSelector
2025-03-03 15:54:07,242 - asyncio - DEBUG - Using selector: KqueueSelector
2025-03-03 15:58:42,920 - asyncio - DEBUG - Using selector: KqueueSelector
2025-03-03 16:05:47,202 - asyncio - DEBUG - Using selector: KqueueSelector
2025-03-03 16:05:47,206 - llama_explorer.ui - INFO - Starting analysis of requests
2025-03-03 16:05:47,206 - llama_explorer.ui - INFO - Fetching package information for requests...
2025-03-03 16:05:47,328 - llama_explorer.ui - INFO - Retrieved package information for requests v2.32.3
2025-03-03 16:05:47,329 - llama_explorer.ui - INFO - Downloading requests v2.32.3...
2025-03-03 16:05:47,671 - llama_explorer.ui - INFO - Extracting requests...
2025-03-03 16:05:47,688 - llama_explorer.ui - INFO - Extracted requests to /var/folders/w7/9sg2sr3s59nbx2mwv_0mv4_m0000gn/T/llama_explorer_wj_skjqv/requests
2025-03-03 16:05:47,689 - llama_explorer.ui - INFO - Categorizing files...
2025-03-03 16:05:47,691 - llama_explorer.ui - INFO - Categorized 24 files
2025-03-03 16:05:47,694 - llama_explorer.ui - ERROR - Failed to generate reports for requests
2025-03-03 16:08:28,767 - asyncio - DEBUG - Using selector: KqueueSelector
2025-03-03 16:08:28,770 - llama_explorer.ui - INFO - Starting analysis of rich
2025-03-03 16:08:28,771 - llama_explorer.ui - INFO - Fetching package information for rich...
2025-03-03 16:08:28,967 - llama_explorer.ui - INFO - Retrieved package information for rich v13.9.4
2025-03-03 16:08:28,967 - llama_explorer.ui - INFO - Downloading rich v13.9.4...
2025-03-03 16:08:29,257 - llama_explorer.ui - INFO - Extracting rich...
2025-03-03 16:08:29,268 - llama_explorer.ui - INFO - Extracted rich to /var/folders/w7/9sg2sr3s59nbx2mwv_0mv4_m0000gn/T/llama_explorer_7uo8nyty/rich
2025-03-03 16:08:29,268 - llama_explorer.ui - INFO - Categorizing files...
2025-03-03 16:08:29,269 - llama_explorer.ui - INFO - Categorized 84 files
2025-03-03 16:08:29,270 - llama_explorer.ui - ERROR - Failed to generate reports for rich
2025-03-03 16:14:39,798 - asyncio - DEBUG - Using selector: KqueueSelector
2025-03-03 16:14:39,801 - llama_explorer.ui - INFO - Starting analysis of click
2025-03-03 16:14:39,802 - llama_explorer.ui - INFO - Fetching package information for click...
2025-03-03 16:14:39,892 - llama_explorer.ui - INFO - Retrieved package information for click v8.1.8
2025-03-03 16:14:39,892 - llama_explorer.ui - INFO - Downloading click v8.1.8...
2025-03-03 16:14:40,152 - llama_explorer.ui - INFO - Extracting click...
2025-03-03 16:14:40,156 - llama_explorer.ui - INFO - Extracted click to /var/folders/w7/9sg2sr3s59nbx2mwv_0mv4_m0000gn/T/llama_explorer_2mnqfyv6/click
2025-03-03 16:14:40,157 - llama_explorer.ui - INFO - Categorizing files...
2025-03-03 16:14:40,157 - llama_explorer.ui - INFO - Categorized 21 files
2025-03-03 16:14:40,158 - llama_explorer.ui - ERROR - Failed to generate reports for click
2025-03-03 17:18:51,067 - asyncio - DEBUG - Using selector: KqueueSelector
2025-03-03 17:23:10,951 - asyncio - DEBUG - Using selector: KqueueSelector
2025-03-03 17:23:10,951 - asyncio - DEBUG - Using selector: KqueueSelector
2025-03-03 17:23:10,955 - llama_explorer.ui - INFO - Starting analysis of numpy
2025-03-03 17:23:10,955 - llama_explorer.ui - INFO - Starting analysis of numpy
2025-03-03 17:23:10,955 - llama_explorer.ui - INFO - Fetching package information for numpy...
2025-03-03 17:23:10,955 - llama_explorer.ui - INFO - Fetching package information for numpy...
2025-03-03 17:23:11,169 - llama_explorer.ui - INFO - Retrieved package information for numpy v2.2.3
2025-03-03 17:23:11,169 - llama_explorer.ui - INFO - Retrieved package information for numpy v2.2.3
2025-03-03 17:23:11,171 - llama_explorer.ui - INFO - Downloading numpy v2.2.3...
2025-03-03 17:23:11,171 - llama_explorer.ui - INFO - Downloading numpy v2.2.3...
2025-03-03 17:23:12,018 - llama_explorer.ui - INFO - Extracting numpy...
2025-03-03 17:23:12,018 - llama_explorer.ui - INFO - Extracting numpy...
2025-03-03 17:23:12,305 - llama_explorer.ui - INFO - Extracted numpy to /var/folders/w7/9sg2sr3s59nbx2mwv_0mv4_m0000gn/T/llama_explorer_p84avx6z/numpy
2025-03-03 17:23:12,305 - llama_explorer.ui - INFO - Extracted numpy to /var/folders/w7/9sg2sr3s59nbx2mwv_0mv4_m0000gn/T/llama_explorer_p84avx6z/numpy
2025-03-03 17:23:12,305 - llama_explorer.ui - INFO - Categorizing files...
2025-03-03 17:23:12,305 - llama_explorer.ui - INFO - Categorizing files...
2025-03-03 17:23:12,313 - llama_explorer.ui - INFO - Categorized 591 files
2025-03-03 17:23:12,313 - llama_explorer.ui - INFO - Categorized 591 files
2025-03-03 17:23:12,316 - llama_explorer.ui - ERROR - Failed to generate reports for numpy
2025-03-03 17:23:12,316 - llama_explorer.ui - ERROR - Failed to generate reports for numpy
2025-03-03 17:34:20,978 - asyncio - DEBUG - Using selector: KqueueSelector
2025-03-03 17:34:20,978 - asyncio - DEBUG - Using selector: KqueueSelector
2025-03-03 17:34:20,982 - llama_explorer.ui - INFO - Starting analysis of pandas
2025-03-03 17:34:20,982 - llama_explorer.ui - INFO - Starting analysis of pandas
2025-03-03 17:34:20,982 - llama_explorer.ui - INFO - Fetching package information for pandas...
2025-03-03 17:34:20,982 - llama_explorer.ui - INFO - Fetching package information for pandas...
2025-03-03 17:34:21,166 - llama_explorer.ui - INFO - Retrieved package information for pandas v2.2.3
2025-03-03 17:34:21,166 - llama_explorer.ui - INFO - Retrieved package information for pandas v2.2.3
2025-03-03 17:34:21,167 - llama_explorer.ui - INFO - Downloading pandas v2.2.3...
2025-03-03 17:34:21,167 - llama_explorer.ui - INFO - Downloading pandas v2.2.3...
2025-03-03 17:34:21,779 - llama_explorer.ui - INFO - Extracting pandas...
2025-03-03 17:34:21,779 - llama_explorer.ui - INFO - Extracting pandas...
2025-03-03 17:34:22,033 - llama_explorer.ui - INFO - Extracted pandas to /var/folders/w7/9sg2sr3s59nbx2mwv_0mv4_m0000gn/T/llama_explorer_hpujgaqk/pandas
2025-03-03 17:34:22,033 - llama_explorer.ui - INFO - Extracted pandas to /var/folders/w7/9sg2sr3s59nbx2mwv_0mv4_m0000gn/T/llama_explorer_hpujgaqk/pandas
2025-03-03 17:34:22,034 - llama_explorer.ui - INFO - Categorizing files...
2025-03-03 17:34:22,034 - llama_explorer.ui - INFO - Categorizing files...
2025-03-03 17:34:22,044 - llama_explorer.ui - INFO - Categorized 385 files
2025-03-03 17:34:22,044 - llama_explorer.ui - INFO - Categorized 385 files
2025-03-03 17:34:22,046 - llama_explorer.ui - ERROR - Failed to generate reports for pandas
2025-03-03 17:34:22,046 - llama_explorer.ui - ERROR - Failed to generate reports for pandas
2025-03-03 17:36:43,674 - asyncio - DEBUG - Using selector: KqueueSelector
2025-03-03 17:36:43,674 - asyncio - DEBUG - Using selector: KqueueSelector
2025-03-03 17:36:43,678 - llama_explorer.ui - INFO - Starting analysis of flask
2025-03-03 17:36:43,678 - llama_explorer.ui - INFO - Starting analysis of flask
2025-03-03 17:36:43,679 - llama_explorer.ui - INFO - Fetching package information for flask...
2025-03-03 17:36:43,679 - llama_explorer.ui - INFO - Fetching package information for flask...
2025-03-03 17:36:43,788 - llama_explorer.ui - INFO - Retrieved package information for flask v3.1.0
2025-03-03 17:36:43,788 - llama_explorer.ui - INFO - Retrieved package information for flask v3.1.0
2025-03-03 17:36:43,789 - llama_explorer.ui - INFO - Downloading flask v3.1.0...
2025-03-03 17:36:43,789 - llama_explorer.ui - INFO - Downloading flask v3.1.0...
2025-03-03 17:36:44,072 - llama_explorer.ui - INFO - Extracting flask...
2025-03-03 17:36:44,072 - llama_explorer.ui - INFO - Extracting flask...
2025-03-03 17:36:44,081 - llama_explorer.ui - INFO - Extracted flask to /var/folders/w7/9sg2sr3s59nbx2mwv_0mv4_m0000gn/T/llama_explorer_2ojwusk4/flask
2025-03-03 17:36:44,081 - llama_explorer.ui - INFO - Extracted flask to /var/folders/w7/9sg2sr3s59nbx2mwv_0mv4_m0000gn/T/llama_explorer_2ojwusk4/flask
2025-03-03 17:36:44,082 - llama_explorer.ui - INFO - Categorizing files...
2025-03-03 17:36:44,082 - llama_explorer.ui - INFO - Categorizing files...
2025-03-03 17:36:44,083 - llama_explorer.ui - INFO - Categorized 31 files
2025-03-03 17:36:44,083 - llama_explorer.ui - INFO - Categorized 31 files
2025-03-03 17:36:44,086 - llama_explorer.ui - ERROR - Failed to generate reports for flask
2025-03-03 17:36:44,086 - llama_explorer.ui - ERROR - Failed to generate reports for flask
2025-03-03 17:56:23,011 - asyncio - DEBUG - Using selector: KqueueSelector
2025-03-03 17:56:23,011 - asyncio - DEBUG - Using selector: KqueueSelector
2025-03-03 17:56:23,015 - llama_explorer.ui - INFO - Starting analysis of click
2025-03-03 17:56:23,015 - llama_explorer.ui - INFO - Starting analysis of click
2025-03-03 17:56:23,015 - llama_explorer.ui - INFO - Fetching package information for click...
2025-03-03 17:56:23,015 - llama_explorer.ui - INFO - Fetching package information for click...
2025-03-03 17:56:23,016 - llama_explorer.ui - INFO - Using cached package information for click
2025-03-03 17:56:23,016 - llama_explorer.ui - INFO - Using cached package information for click
2025-03-03 17:56:23,017 - llama_explorer.ui - INFO - Downloading click v8.1.8...
2025-03-03 17:56:23,017 - llama_explorer.ui - INFO - Downloading click v8.1.8...
2025-03-03 17:56:23,344 - llama_explorer.ui - INFO - Extracting click...
2025-03-03 17:56:23,344 - llama_explorer.ui - INFO - Extracting click...
2025-03-03 17:56:23,351 - llama_explorer.ui - INFO - Extracted click to /var/folders/w7/9sg2sr3s59nbx2mwv_0mv4_m0000gn/T/llama_explorer_jcv4xi9j/click
2025-03-03 17:56:23,351 - llama_explorer.ui - INFO - Extracted click to /var/folders/w7/9sg2sr3s59nbx2mwv_0mv4_m0000gn/T/llama_explorer_jcv4xi9j/click
2025-03-03 17:56:23,352 - llama_explorer.ui - INFO - Categorizing files...
2025-03-03 17:56:23,352 - llama_explorer.ui - INFO - Categorizing files...
2025-03-03 17:56:23,353 - llama_explorer.ui - INFO - Categorized 21 files
2025-03-03 17:56:23,353 - llama_explorer.ui - INFO - Categorized 21 files
2025-03-03 17:56:23,355 - llama_explorer.ui - INFO - Generating text report...
2025-03-03 17:56:23,355 - llama_explorer.ui - INFO - Generating text report...
2025-03-03 17:56:23,359 - llama_explorer.ui - INFO - Text report saved to llama_output/reports/package/click/20250303_175623/click_8.1.8.txt
2025-03-03 17:56:23,359 - llama_explorer.ui - INFO - Text report saved to llama_output/reports/package/click/20250303_175623/click_8.1.8.txt
2025-03-03 17:56:23,361 - llama_explorer.ui - INFO - Successfully processed click v8.1.8
2025-03-03 17:56:23,361 - llama_explorer.ui - INFO - Successfully processed click v8.1.8
2025-03-03 18:20:38,773 - asyncio - DEBUG - Using selector: KqueueSelector
2025-03-03 18:21:20,778 - asyncio - DEBUG - Using selector: KqueueSelector
2025-03-03 18:21:20,778 - asyncio - DEBUG - Using selector: KqueueSelector
2025-03-03 18:21:20,791 - llama_explorer.ui - INFO - Starting analysis of bagbag
2025-03-03 18:21:20,791 - llama_explorer.ui - INFO - Starting analysis of bagbag
2025-03-03 18:21:20,792 - llama_explorer.ui - INFO - Fetching package information for bagbag...
2025-03-03 18:21:20,792 - llama_explorer.ui - INFO - Fetching package information for bagbag...
2025-03-03 18:21:20,964 - llama_explorer.ui - INFO - Retrieved package information for bagbag v0.75.24
2025-03-03 18:21:20,964 - llama_explorer.ui - INFO - Retrieved package information for bagbag v0.75.24
2025-03-03 18:21:20,966 - llama_explorer.ui - INFO - Downloading bagbag v0.75.24...
2025-03-03 18:21:20,966 - llama_explorer.ui - INFO - Downloading bagbag v0.75.24...
2025-03-03 18:21:21,555 - llama_explorer.ui - INFO - Extracting bagbag...
2025-03-03 18:21:21,555 - llama_explorer.ui - INFO - Extracting bagbag...
2025-03-03 18:21:21,605 - llama_explorer.ui - INFO - Extracted bagbag to /var/folders/w7/9sg2sr3s59nbx2mwv_0mv4_m0000gn/T/llama_explorer_4qd73jkh/bagbag
2025-03-03 18:21:21,605 - llama_explorer.ui - INFO - Extracted bagbag to /var/folders/w7/9sg2sr3s59nbx2mwv_0mv4_m0000gn/T/llama_explorer_4qd73jkh/bagbag
2025-03-03 18:21:21,606 - llama_explorer.ui - INFO - Categorizing files...
2025-03-03 18:21:21,606 - llama_explorer.ui - INFO - Categorizing files...
2025-03-03 18:21:21,609 - llama_explorer.ui - INFO - Categorized 323 files
2025-03-03 18:21:21,609 - llama_explorer.ui - INFO - Categorized 323 files
2025-03-03 18:21:21,610 - llama_explorer.ui - INFO - Generating text report...
2025-03-03 18:21:21,610 - llama_explorer.ui - INFO - Generating text report...
2025-03-03 18:21:21,630 - llama_explorer.ui - INFO - Text report saved to llama_output/reports/package/bagbag/20250303_182121/bagbag_0.75.24.txt
2025-03-03 18:21:21,630 - llama_explorer.ui - INFO - Text report saved to llama_output/reports/package/bagbag/20250303_182121/bagbag_0.75.24.txt
2025-03-03 18:21:21,632 - llama_explorer.ui - INFO - Successfully processed bagbag v0.75.24
2025-03-03 18:21:21,632 - llama_explorer.ui - INFO - Successfully processed bagbag v0.75.24
2025-03-03 18:30:58,985 - asyncio - DEBUG - Using selector: KqueueSelector
2025-03-03 18:30:58,985 - asyncio - DEBUG - Using selector: KqueueSelector
2025-03-03 18:30:58,990 - llama_explorer.ui - INFO - Starting analysis of bagbag
2025-03-03 18:30:58,990 - llama_explorer.ui - INFO - Starting analysis of bagbag
2025-03-03 18:30:58,991 - llama_explorer.ui - INFO - Fetching package information for bagbag...
2025-03-03 18:30:58,991 - llama_explorer.ui - INFO - Fetching package information for bagbag...
2025-03-03 18:30:58,992 - llama_explorer.ui - INFO - Using cached package information for bagbag
2025-03-03 18:30:58,992 - llama_explorer.ui - INFO - Using cached package information for bagbag
2025-03-03 18:30:58,993 - llama_explorer.ui - INFO - Downloading bagbag v0.75.24...
2025-03-03 18:30:58,993 - llama_explorer.ui - INFO - Downloading bagbag v0.75.24...
2025-03-03 18:30:59,391 - llama_explorer.ui - INFO - Extracting bagbag...
2025-03-03 18:30:59,391 - llama_explorer.ui - INFO - Extracting bagbag...
2025-03-03 18:30:59,448 - llama_explorer.ui - INFO - Extracted bagbag to /var/folders/w7/9sg2sr3s59nbx2mwv_0mv4_m0000gn/T/llama_explorer_degct1df/bagbag
2025-03-03 18:30:59,448 - llama_explorer.ui - INFO - Extracted bagbag to /var/folders/w7/9sg2sr3s59nbx2mwv_0mv4_m0000gn/T/llama_explorer_degct1df/bagbag
2025-03-03 18:30:59,449 - llama_explorer.ui - INFO - Categorizing files...
2025-03-03 18:30:59,449 - llama_explorer.ui - INFO - Categorizing files...
2025-03-03 18:30:59,452 - llama_explorer.ui - INFO - Categorized 323 files
2025-03-03 18:30:59,452 - llama_explorer.ui - INFO - Categorized 323 files
2025-03-03 18:30:59,454 - llama_explorer.ui - INFO - Generating text report...
2025-03-03 18:30:59,454 - llama_explorer.ui - INFO - Generating text report...
2025-03-03 18:30:59,584 - llama_explorer.ui - INFO - Text report saved to llama_output/reports/package/bagbag/20250303_183059/bagbag_0.75.24.txt
2025-03-03 18:30:59,584 - llama_explorer.ui - INFO - Text report saved to llama_output/reports/package/bagbag/20250303_183059/bagbag_0.75.24.txt
2025-03-03 18:30:59,586 - llama_explorer.ui - INFO - Successfully processed bagbag v0.75.24
2025-03-03 18:30:59,586 - llama_explorer.ui - INFO - Successfully processed bagbag v0.75.24
2025-03-03 18:50:43,017 - asyncio - DEBUG - Using selector: KqueueSelector
2025-03-03 19:58:49,594 - asyncio - DEBUG - Using selector: KqueueSelector
2025-03-03 19:58:49,594 - asyncio - DEBUG - Using selector: KqueueSelector
2025-03-03 19:58:49,598 - llama_explorer.ui - INFO - Starting analysis of requests
2025-03-03 19:58:49,598 - llama_explorer.ui - INFO - Starting analysis of requests
2025-03-03 19:58:49,598 - llama_explorer.ui - INFO - Fetching package information for requests...
2025-03-03 19:58:49,598 - llama_explorer.ui - INFO - Fetching package information for requests...
2025-03-03 19:58:49,599 - llama_explorer.ui - INFO - Using cached package information for requests
2025-03-03 19:58:49,599 - llama_explorer.ui - INFO - Using cached package information for requests
2025-03-03 19:58:49,599 - llama_explorer.ui - INFO - Downloading requests v2.32.3...
2025-03-03 19:58:49,599 - llama_explorer.ui - INFO - Downloading requests v2.32.3...
2025-03-03 19:58:49,869 - llama_explorer.ui - INFO - Extracting requests...
2025-03-03 19:58:49,869 - llama_explorer.ui - INFO - Extracting requests...
2025-03-03 19:58:49,872 - llama_explorer.ui - INFO - Extracted requests to /var/folders/w7/9sg2sr3s59nbx2mwv_0mv4_m0000gn/T/llama_explorer_m8362qym/requests
2025-03-03 19:58:49,872 - llama_explorer.ui - INFO - Extracted requests to /var/folders/w7/9sg2sr3s59nbx2mwv_0mv4_m0000gn/T/llama_explorer_m8362qym/requests
2025-03-03 19:58:49,873 - llama_explorer.ui - INFO - Categorizing files...
2025-03-03 19:58:49,873 - llama_explorer.ui - INFO - Categorizing files...
2025-03-03 19:58:49,873 - llama_explorer.ui - INFO - Categorized 24 files
2025-03-03 19:58:49,873 - llama_explorer.ui - INFO - Categorized 24 files
2025-03-03 19:58:49,873 - llama_explorer.ui - INFO - Categorizing files...
2025-03-03 19:58:49,873 - llama_explorer.ui - INFO - Categorizing files...
2025-03-03 19:58:49,874 - llama_explorer.ui - ERROR - Error categorizing files: expected str, bytes or os.PathLike object, not bool
2025-03-03 19:58:49,874 - llama_explorer.ui - ERROR - Error categorizing files: expected str, bytes or os.PathLike object, not bool
2025-03-03 19:58:49,874 - llama_explorer.ui - ERROR - Failed to categorize files for requests
2025-03-03 19:58:49,874 - llama_explorer.ui - ERROR - Failed to categorize files for requests
2025-03-03 20:00:48,176 - asyncio - DEBUG - Using selector: KqueueSelector
2025-03-03 20:00:48,176 - asyncio - DEBUG - Using selector: KqueueSelector
2025-03-03 20:00:48,180 - llama_explorer.ui - INFO - Starting analysis of requests
2025-03-03 20:00:48,180 - llama_explorer.ui - INFO - Starting analysis of requests
2025-03-03 20:00:48,180 - llama_explorer.ui - INFO - Fetching package information for requests...
2025-03-03 20:00:48,180 - llama_explorer.ui - INFO - Fetching package information for requests...
2025-03-03 20:00:48,181 - llama_explorer.ui - INFO - Using cached package information for requests
2025-03-03 20:00:48,181 - llama_explorer.ui - INFO - Using cached package information for requests
2025-03-03 20:00:48,181 - llama_explorer.ui - INFO - Downloading requests v2.32.3...
2025-03-03 20:00:48,181 - llama_explorer.ui - INFO - Downloading requests v2.32.3...
2025-03-03 20:00:48,391 - llama_explorer.ui - INFO - Extracting requests...
2025-03-03 20:00:48,391 - llama_explorer.ui - INFO - Extracting requests...
2025-03-03 20:00:48,395 - llama_explorer.ui - INFO - Extracted requests to /var/folders/w7/9sg2sr3s59nbx2mwv_0mv4_m0000gn/T/llama_explorer_6ryicpd0/requests
2025-03-03 20:00:48,395 - llama_explorer.ui - INFO - Extracted requests to /var/folders/w7/9sg2sr3s59nbx2mwv_0mv4_m0000gn/T/llama_explorer_6ryicpd0/requests
2025-03-03 20:00:48,396 - llama_explorer.ui - INFO - Categorizing files...
2025-03-03 20:00:48,396 - llama_explorer.ui - INFO - Categorizing files...
2025-03-03 20:00:48,396 - llama_explorer.ui - INFO - Categorized 24 files
2025-03-03 20:00:48,396 - llama_explorer.ui - INFO - Categorized 24 files
2025-03-03 20:00:48,397 - llama_explorer.ui - INFO - Generating text report...
2025-03-03 20:00:48,397 - llama_explorer.ui - INFO - Generating text report...
2025-03-03 20:00:48,408 - llama_explorer.ui - INFO - Text report saved to llama_output/reports/package/requests/20250303_200048/requests_2.32.3.txt
2025-03-03 20:00:48,408 - llama_explorer.ui - INFO - Text report saved to llama_output/reports/package/requests/20250303_200048/requests_2.32.3.txt
2025-03-03 20:00:48,411 - llama_explorer.ui - INFO - Cleaned up temporary directory: /var/folders/w7/9sg2sr3s59nbx2mwv_0mv4_m0000gn/T/llama_explorer_6ryicpd0
2025-03-03 20:00:48,411 - llama_explorer.ui - INFO - Cleaned up temporary directory: /var/folders/w7/9sg2sr3s59nbx2mwv_0mv4_m0000gn/T/llama_explorer_6ryicpd0
2025-03-03 20:00:48,411 - llama_explorer.ui - INFO - Successfully processed requests v2.32.3
2025-03-03 20:00:48,411 - llama_explorer.ui - INFO - Successfully processed requests v2.32.3
2025-03-03 20:28:24,201 - asyncio - DEBUG - Using selector: KqueueSelector
2025-03-03 20:28:24,201 - asyncio - DEBUG - Using selector: KqueueSelector
2025-03-03 20:28:24,205 - llama_explorer.ui - ERROR - Error fetching repository information: GitHubExplorer._parse_github_url() takes 1 positional argument but 2 were given
2025-03-03 20:28:24,205 - llama_explorer.ui - ERROR - Error fetching repository information: GitHubExplorer._parse_github_url() takes 1 positional argument but 2 were given
2025-03-03 20:30:22,730 - asyncio - DEBUG - Using selector: KqueueSelector
2025-03-03 20:30:22,730 - asyncio - DEBUG - Using selector: KqueueSelector
2025-03-03 20:30:22,969 - llama_explorer.ui - INFO - Retrieved repository information for psf/requests
2025-03-03 20:30:22,969 - llama_explorer.ui - INFO - Retrieved repository information for psf/requests
2025-03-03 20:32:52,689 - asyncio - DEBUG - Using selector: KqueueSelector
2025-03-03 20:32:52,689 - asyncio - DEBUG - Using selector: KqueueSelector
2025-03-03 20:32:53,002 - llama_explorer.ui - INFO - Retrieved repository information for psf/requests
2025-03-03 20:32:53,002 - llama_explorer.ui - INFO - Retrieved repository information for psf/requests
2025-03-03 20:32:53,009 - git.util - DEBUG - Failed checking if running in CYGWIN due to: FileNotFoundError(2, 'No such file or directory')
2025-03-03 20:32:53,009 - git.util - DEBUG - Failed checking if running in CYGWIN due to: FileNotFoundError(2, 'No such file or directory')
2025-03-03 20:32:53,010 - git.cmd - DEBUG - Popen(['git', 'clone', '-v', '--', 'https://github.com/psf/requests.git', '/var/folders/w7/9sg2sr3s59nbx2mwv_0mv4_m0000gn/T/github_explorer_v19sksjn/requests'], cwd=/Users/nemesis/llamajsons, stdin=None, shell=False, universal_newlines=True)
2025-03-03 20:32:53,010 - git.cmd - DEBUG - Popen(['git', 'clone', '-v', '--', 'https://github.com/psf/requests.git', '/var/folders/w7/9sg2sr3s59nbx2mwv_0mv4_m0000gn/T/github_explorer_v19sksjn/requests'], cwd=/Users/nemesis/llamajsons, stdin=None, shell=False, universal_newlines=True)
2025-03-03 20:32:54,084 - git.repo.base - DEBUG - Cmd(['git', 'clone', '-v', '--', 'https://github.com/psf/requests.git', '/var/folders/w7/9sg2sr3s59nbx2mwv_0mv4_m0000gn/T/github_explorer_v19sksjn/requests'])'s unused stdout: 
2025-03-03 20:32:54,084 - git.repo.base - DEBUG - Cmd(['git', 'clone', '-v', '--', 'https://github.com/psf/requests.git', '/var/folders/w7/9sg2sr3s59nbx2mwv_0mv4_m0000gn/T/github_explorer_v19sksjn/requests'])'s unused stdout: 
2025-03-03 20:37:36,495 - asyncio - DEBUG - Using selector: KqueueSelector
2025-03-03 20:37:36,495 - asyncio - DEBUG - Using selector: KqueueSelector
2025-03-03 20:37:36,794 - llama_explorer.ui - INFO - Retrieved repository information for psf/requests
2025-03-03 20:37:36,794 - llama_explorer.ui - INFO - Retrieved repository information for psf/requests
2025-03-03 20:37:36,798 - git.util - DEBUG - Failed checking if running in CYGWIN due to: FileNotFoundError(2, 'No such file or directory')
2025-03-03 20:37:36,798 - git.util - DEBUG - Failed checking if running in CYGWIN due to: FileNotFoundError(2, 'No such file or directory')
2025-03-03 20:37:36,799 - git.cmd - DEBUG - Popen(['git', 'clone', '-v', '--', 'https://github.com/psf/requests.git', '/var/folders/w7/9sg2sr3s59nbx2mwv_0mv4_m0000gn/T/github_explorer_ou0cmq0w/requests'], cwd=/Users/nemesis/llamajsons, stdin=None, shell=False, universal_newlines=True)
2025-03-03 20:37:36,799 - git.cmd - DEBUG - Popen(['git', 'clone', '-v', '--', 'https://github.com/psf/requests.git', '/var/folders/w7/9sg2sr3s59nbx2mwv_0mv4_m0000gn/T/github_explorer_ou0cmq0w/requests'], cwd=/Users/nemesis/llamajsons, stdin=None, shell=False, universal_newlines=True)
2025-03-03 20:37:37,889 - git.repo.base - DEBUG - Cmd(['git', 'clone', '-v', '--', 'https://github.com/psf/requests.git', '/var/folders/w7/9sg2sr3s59nbx2mwv_0mv4_m0000gn/T/github_explorer_ou0cmq0w/requests'])'s unused stdout: 
2025-03-03 20:37:37,889 - git.repo.base - DEBUG - Cmd(['git', 'clone', '-v', '--', 'https://github.com/psf/requests.git', '/var/folders/w7/9sg2sr3s59nbx2mwv_0mv4_m0000gn/T/github_explorer_ou0cmq0w/requests'])'s unused stdout: 
2025-03-04 09:53:03,211 - asyncio - DEBUG - Using selector: KqueueSelector
2025-03-04 09:53:03,211 - asyncio - DEBUG - Using selector: KqueueSelector
2025-03-04 09:53:03,215 - llama_explorer.ui - INFO - Starting analysis of fastapi
2025-03-04 09:53:03,215 - llama_explorer.ui - INFO - Starting analysis of fastapi
2025-03-04 09:53:03,216 - llama_explorer.ui - INFO - Fetching package information for fastapi...
2025-03-04 09:53:03,216 - llama_explorer.ui - INFO - Fetching package information for fastapi...
2025-03-04 09:53:03,372 - llama_explorer.ui - INFO - Retrieved package information for fastapi v0.115.11
2025-03-04 09:53:03,372 - llama_explorer.ui - INFO - Retrieved package information for fastapi v0.115.11
2025-03-04 09:53:03,373 - llama_explorer.ui - INFO - Downloading fastapi v0.115.11...
2025-03-04 09:53:03,373 - llama_explorer.ui - INFO - Downloading fastapi v0.115.11...
2025-03-04 09:53:03,644 - llama_explorer.ui - INFO - Extracting fastapi...
2025-03-04 09:53:03,644 - llama_explorer.ui - INFO - Extracting fastapi...
2025-03-04 09:53:03,662 - llama_explorer.ui - INFO - Extracted fastapi to /var/folders/w7/9sg2sr3s59nbx2mwv_0mv4_m0000gn/T/llama_explorer_gngasa_d/fastapi
2025-03-04 09:53:03,662 - llama_explorer.ui - INFO - Extracted fastapi to /var/folders/w7/9sg2sr3s59nbx2mwv_0mv4_m0000gn/T/llama_explorer_gngasa_d/fastapi
2025-03-04 09:53:03,663 - llama_explorer.ui - INFO - Categorizing files...
2025-03-04 09:53:03,663 - llama_explorer.ui - INFO - Categorizing files...
2025-03-04 09:53:03,664 - llama_explorer.ui - INFO - Categorized 51 files
2025-03-04 09:53:03,664 - llama_explorer.ui - INFO - Categorized 51 files
2025-03-04 09:53:03,665 - llama_explorer.ui - INFO - Generating text report...
2025-03-04 09:53:03,665 - llama_explorer.ui - INFO - Generating text report...
2025-03-04 09:53:03,687 - llama_explorer.ui - INFO - Text report saved to llama_output/reports/package/fastapi/20250304_095303/fastapi_0.115.11.txt
2025-03-04 09:53:03,687 - llama_explorer.ui - INFO - Text report saved to llama_output/reports/package/fastapi/20250304_095303/fastapi_0.115.11.txt
2025-03-04 09:53:03,687 - llama_explorer.ui - INFO - Generating markdown report...
2025-03-04 09:53:03,687 - llama_explorer.ui - INFO - Generating markdown report...
2025-03-04 09:53:03,692 - llama_explorer.ui - INFO - Markdown report saved to llama_output/reports/package/fastapi/20250304_095303/fastapi_0.115.11.md
2025-03-04 09:53:03,692 - llama_explorer.ui - INFO - Markdown report saved to llama_output/reports/package/fastapi/20250304_095303/fastapi_0.115.11.md
2025-03-04 09:53:03,692 - llama_explorer.ui - INFO - Generating JSON report...
2025-03-04 09:53:03,692 - llama_explorer.ui - INFO - Generating JSON report...
2025-03-04 09:53:03,696 - llama_explorer.ui - INFO - JSON report saved to llama_output/reports/package/fastapi/20250304_095303/fastapi_0.115.11.json
2025-03-04 09:53:03,696 - llama_explorer.ui - INFO - JSON report saved to llama_output/reports/package/fastapi/20250304_095303/fastapi_0.115.11.json
2025-03-04 09:53:03,700 - llama_explorer.ui - INFO - Cleaned up temporary directory: /var/folders/w7/9sg2sr3s59nbx2mwv_0mv4_m0000gn/T/llama_explorer_gngasa_d
2025-03-04 09:53:03,700 - llama_explorer.ui - INFO - Cleaned up temporary directory: /var/folders/w7/9sg2sr3s59nbx2mwv_0mv4_m0000gn/T/llama_explorer_gngasa_d
2025-03-04 09:53:03,700 - llama_explorer.ui - INFO - Successfully processed fastapi v0.115.11
2025-03-04 09:53:03,700 - llama_explorer.ui - INFO - Successfully processed fastapi v0.115.11
